-----------------------------------------------
                  Test Result
-----------------------------------------------
ParkJungSeok         100 100 100 300 100.00  1
JangSeGang           100 100 100 300 100.00  1
KimYuna               98  99 100 297  99.00  3
LeeSangHyeok         100  95  98 293  97.67  4
LeeJiEun              95  92  96 283  94.33  5
KimYeonKoung          95  92  96 283  94.33  5
KimNamJoon            95  90  92 277  92.33  7
JunJiHyun             92  90  95 277  92.33  7
LeeYoungHo            99  85  91 275  91.67  9
SonHeungMin           92  88  94 274  91.33 10
ParkJiMin             91  89  93 273  91.00 11
KimSooHyun            91  89  93 273  91.00 11
LimYoHan              85  91  95 271  90.33 13
KimTaeYeon            90  92  88 270  90.00 14
ParkJiSung            85  90  95 270  90.00 14
MinYoonGi             92  88  90 270  90.00 14
JungHoSeok            90  92  88 270  90.00 14
BongJoonHo            88  90  92 270  90.00 14
LeeByungHun           90  88  92 270  90.00 14
KimTaekYong           95  83  91 269  89.67 20
KimJennie             85  88  92 265  88.33 21
GongYoo               88  85  90 263  87.67 22
BaeSuzy               88  85  90 263  87.67 22
ParkTaeHwan           90  85  88 263  87.67 22
LeeSangHwa            85  88  90 263  87.67 22
LeeYunYeol            80  90  85 255  85.00 26
KimSeokJin            88  85  82 255  85.00 26
ParkChanWook          85  82  88 255  85.00 26
KwonJiYong            85  80  88 253  84.33 29
RyuHyunJin            80  85  82 247  82.33 30
HaJungWoo             85  82  80 247  82.33 30
JangMiRan             82  85  80 247  82.33 30
SongKangHo            80  85  82 247  82.33 30
ChoiMinSik            78  80  85 243  81.00 34
KimMinSu              70  80  90 240  80.00 35
ChooShinSoo           75  78  80 233  77.67 36
LeeJaeDong            95  85  51 231  77.00 37
SongByungKoo          70  75  69 214  71.33 38
MaJaeYoon             50  60  55 165  55.00 39
ShinJiSoo             55  45  33 133  44.33 40
HongJinHo             45  32  55 132  44.00 41
-----------------------------------------------
